Info: CustomCategory:scrum_overview: 16 mini seconds publishing element
Info: SupportingMaterial:scrum_overview: 20 mini seconds publishing element
Info: RoleSet:scrum_roles: 11 mini seconds publishing element
Info: Role:product_owner: 37 mini seconds publishing element
Info: Role:scrummaster: 33 mini seconds publishing element
Info: Role:scrum_team: 98 mini seconds publishing element
Info: Role:uiux_team: 55 mini seconds publishing element
Info: WorkProductType:scrum_work_products: 11 mini seconds publishing element
Info: Artifact:potentially_shippable_product_incremement: 11 mini seconds publishing element
Info: Artifact:product_backlog: 32 mini seconds publishing element
Info: Artifact:release_burndown_chart: 13 mini seconds publishing element
Info: Artifact:sprint_backlog: 23 mini seconds publishing element
Info: Artifact:sprint_burndown_chart: 25 mini seconds publishing element
Info: Artifact:taskboard: 25 mini seconds publishing element
Info: Artifact:uiux_checklist: 21 mini seconds publishing element
Info: Discipline:scrum_activities: 20 mini seconds publishing element
Info: Task:sprint_planning_meeting: 13 mini seconds publishing element
Info: Task:sprint_retrospective: 10 mini seconds publishing element
Info: Task:sprint_review_meeting: 11 mini seconds publishing element
Info: Task:the_daily_scrum: 19 mini seconds publishing element
Info: Task:estimating_the_backlog: 17 mini seconds publishing element
Info: Task:prioritizing_the_backlog: 21 mini seconds publishing element
Info: Task:release_planning: 17 mini seconds publishing element
Info: Task:sprint_uiux_research: 18 mini seconds publishing element
Info: CustomCategory:scrum_guidance: 16 mini seconds publishing element
Info: Guideline:scrum_of_scrums: 9 mini seconds publishing element
Info: Guideline:estimation_techniques: 15 mini seconds publishing element
Info: Guideline:prioritizing_the_backlog: 8 mini seconds publishing element
Info: SupportingMaterial:scrum_references: 7 mini seconds publishing element
Info: Concept:story_points: 18 mini seconds publishing element
Info: Template:burndown_chart: 36 mini seconds publishing element
Info: Example:example_product_backlog: 24 mini seconds publishing element
Info: Example:alternative_release_burndown_chart: 26 mini seconds publishing element
Info: : Publishing time: 0 minutes 2 seconds
